0 info it worked if it ends with ok
1 verbose cli [ 'node', '/usr/local/bin/npm', 'publish', '3.3' ]
2 info using npm@1.1.61
3 info using node@v0.8.9
4 verbose publish [ '3.3' ]
5 verbose read json /opt/pubnub-api/nodejs/3.3/package.json
6 verbose cache add [ '3.3', null ]
7 silly cache add name=undefined spec="3.3" args=["3.3",null]
8 verbose parsed url { pathname: '3.3', path: '3.3', href: '3.3' }
9 silly lockFile a9c68c54-3-3 3.3
10 verbose lock 3.3 /Users/stephenblum/.npm/a9c68c54-3-3.lock
11 verbose read json 3.3/package.json
12 silly lockFile a9c68c54-3-3 3.3
13 verbose addNamed [ '3.3', '' ]
14 verbose addNamed [ null, '' ]
15 silly lockFile 470ffd55-3-3 3.3@
16 verbose lock 3.3@ /Users/stephenblum/.npm/470ffd55-3-3.lock
17 silly addNameRange { name: '3.3', range: '', hasData: false }
18 verbose url raw 3.3
19 verbose url resolving [ 'https://registry.npmjs.org/', './3.3' ]
20 verbose url resolved https://registry.npmjs.org/3.3
21 info trying registry request attempt 1 at 11:56:46
22 http GET https://registry.npmjs.org/3.3
23 http 404 https://registry.npmjs.org/3.3
24 silly registry.get cb [ 404,
24 silly registry.get   { server: 'CouchDB/1.2.0 (Erlang OTP/R15B)',
24 silly registry.get     date: 'Tue, 20 Nov 2012 19:56:17 GMT',
24 silly registry.get     'content-type': 'application/json',
24 silly registry.get     'content-length': '52',
24 silly registry.get     'cache-control': 'must-revalidate' } ]
25 silly lockFile 470ffd55-3-3 3.3@
26 error 404 '3.3' is not in the npm registry.
26 error 404 You should bug the author to publish it
26 error 404
26 error 404 Note that you can also install from a
26 error 404 tarball, folder, or http url, or git url.
27 error System Darwin 12.2.0
28 error command "node" "/usr/local/bin/npm" "publish" "3.3"
29 error cwd /opt/pubnub-api/nodejs
30 error node -v v0.8.9
31 error npm -v 1.1.61
32 error code E404
33 verbose exit [ 1, true ]
