DateTime 11/27/2012 23:17:10, Initiated System Event - PowerModeChanged.
DateTime 11/27/2012 23:17:43, requested subscribe for channel=hello_world
DateTime 11/27/2012 23:17:44, Request=http://pubsub.pubnub.com/subscribe/demo/hello_world/0/0?uuid=e7db8fb1-9160-4ae0-bae2-1fc7fdb8849b
DateTime 11/27/2012 23:17:45, JSON for channel=hello_world (Subscribe) =[[],"13540349530069404"]
DateTime 11/27/2012 23:17:46, Request=http://pubsub.pubnub.com/subscribe/demo/hello_world/0/13540349530069404?uuid=e7db8fb1-9160-4ae0-bae2-1fc7fdb8849b
DateTime 11/27/2012 23:17:55, Request=http://pubsub.pubnub.com/publish/demo/demo/0/hello_world/0/"hello"
DateTime 11/27/2012 23:17:56, JSON for channel=hello_world (Publish) =[1,"Sent","13540384762941464"]
DateTime 11/27/2012 23:17:56, JSON for channel=hello_world (Subscribe) =[["hello"],"13540384762941464"]
DateTime 11/27/2012 23:17:56, Request=http://pubsub.pubnub.com/subscribe/demo/hello_world/0/13540384762941464?uuid=e7db8fb1-9160-4ae0-bae2-1fc7fdb8849b
DateTime 11/27/2012 23:18:15, requested presence for channel=hello_world-pnpres
DateTime 11/27/2012 23:18:15, Request=http://pubsub.pubnub.com/subscribe/demo/hello_world-pnpres/0/0?uuid=e7db8fb1-9160-4ae0-bae2-1fc7fdb8849b
DateTime 11/27/2012 23:18:16, JSON for channel=hello_world-pnpres (Presence) =[[],"13540384665906732"]
DateTime 11/27/2012 23:18:16, Request=http://pubsub.pubnub.com/subscribe/demo/hello_world-pnpres/0/13540384665906732?uuid=e7db8fb1-9160-4ae0-bae2-1fc7fdb8849b
DateTime 11/27/2012 23:18:26, requested unsubscribe for channel=hello_world
DateTime 11/27/2012 23:18:26, JSON unsubscribe response=[1, "Unsubscribed from hello_world"]
DateTime 11/27/2012 23:18:26, Request=http://pubsub.pubnub.com/v2/presence/sub_key/demo/channel/hello_world/leave?uuid=e7db8fb1-9160-4ae0-bae2-1fc7fdb8849b
DateTime 11/27/2012 23:18:26, WebException: System.Net.WebException: Aborted.
  at System.Net.HttpWebRequest.EndGetResponse (IAsyncResult asyncResult) [0x0006c] in /private/tmp/monobuild/build/BUILD/mono-2.10.9/mcs/class/System/System.Net/HttpWebRequest.cs:831 
  at PubNub_Messaging.Pubnub+<_urlRequest>c__AnonStorey4`1[System.String].<>m__10 (IAsyncResult asynchronousResult) [0x00019] in /Volumes/Macintosh/Users/rajatkalsy/Projects/Client/ODesk/pubnub/git-master/pubnub-api/mono/mac/3.3.0.1/PubNub-Messaging/PubNub-Console/Pubnub.cs:1365  for URL: http://pubsub.pubnub.com/subscribe/demo/hello_world/0/13540384762941464?uuid=e7db8fb1-9160-4ae0-bae2-1fc7fdb8849b
DateTime 11/27/2012 23:18:26, Due to Unsubscribe, further re-subscription was stopped for channel hello_world
DateTime 11/27/2012 23:18:27, WebException: System.Net.WebException: Error: ConnectFailure (interrupted) ---> System.Net.Sockets.SocketException: interrupted
  at System.Net.Sockets.Socket.Connect (System.Net.EndPoint remoteEP) [0x00159] in /private/tmp/monobuild/build/BUILD/mono-2.10.9/mcs/class/System/System.Net.Sockets/Socket_2_1.cs:1262 
  at System.Net.WebConnection.Connect (System.Net.HttpWebRequest request) [0x00180] in /private/tmp/monobuild/build/BUILD/mono-2.10.9/mcs/class/System/System.Net/WebConnection.cs:191 
  --- End of inner exception stack trace ---
  at System.Net.HttpWebRequest.EndGetResponse (IAsyncResult asyncResult) [0x0006c] in /private/tmp/monobuild/build/BUILD/mono-2.10.9/mcs/class/System/System.Net/HttpWebRequest.cs:831 
  at PubNub_Messaging.Pubnub+<_urlRequest>c__AnonStorey4`1[System.String].<>m__10 (IAsyncResult asynchronousResult) [0x00019] in /Volumes/Macintosh/Users/rajatkalsy/Projects/Client/ODesk/pubnub/git-master/pubnub-api/mono/mac/3.3.0.1/PubNub-Messaging/PubNub-Console/Pubnub.cs:1365  for URL: http://pubsub.pubnub.com/v2/presence/sub_key/demo/channel/hello_world/leave?uuid=e7db8fb1-9160-4ae0-bae2-1fc7fdb8849b
DateTime 11/27/2012 23:18:27, JSON for channel=hello_world-pnpres (Presence) =[[{"action": "leave", "timestamp": 1354067307, "uuid": "e7db8fb1-9160-4ae0-bae2-1fc7fdb8849b", "occupancy": 0}],"13540385073514960"]
DateTime 11/27/2012 23:18:27, Request=http://pubsub.pubnub.com/subscribe/demo/hello_world-pnpres/0/13540385073514960?uuid=e7db8fb1-9160-4ae0-bae2-1fc7fdb8849b
DateTime 11/27/2012 23:22:47, JSON for channel=hello_world-pnpres (Presence) =[[],"13540385073514960"]
DateTime 11/27/2012 23:22:47, Request=http://pubsub.pubnub.com/subscribe/demo/hello_world-pnpres/0/13540385073514960?uuid=e7db8fb1-9160-4ae0-bae2-1fc7fdb8849b
DateTime 11/27/2012 23:27:48, JSON for channel=hello_world-pnpres (Presence) =[[],"13540385073514960"]
DateTime 11/27/2012 23:27:48, Request=http://pubsub.pubnub.com/subscribe/demo/hello_world-pnpres/0/13540385073514960?uuid=e7db8fb1-9160-4ae0-bae2-1fc7fdb8849b
DateTime 11/27/2012 23:32:48, Initiated System Event - PowerModeChanged.
DateTime 11/27/2012 23:33:41, requested subscribe for channel=hello_world
DateTime 11/27/2012 23:33:41, Request=http://pubsub.pubnub.com/subscribe/demo/hello_world/0/0?uuid=03a0919d-0d0d-47ba-baa9-9909b8cfff16
DateTime 11/27/2012 23:33:43, JSON for channel=hello_world (Subscribe) =[[],"13540384762941464"]
DateTime 11/27/2012 23:33:43, Request=http://pubsub.pubnub.com/subscribe/demo/hello_world/0/13540384762941464?uuid=03a0919d-0d0d-47ba-baa9-9909b8cfff16
DateTime 11/27/2012 23:33:51, Request=http://pubsub.pubnub.com/publish/demo/demo/0/hello_world/0/"hello"
DateTime 11/27/2012 23:33:52, JSON for channel=hello_world (Publish) =[1,"Sent","13540394320878320"]
DateTime 11/27/2012 23:33:52, JSON for channel=hello_world (Subscribe) =[["hello"],"13540394320878320"]
DateTime 11/27/2012 23:33:52, Request=http://pubsub.pubnub.com/subscribe/demo/hello_world/0/13540394320878320?uuid=03a0919d-0d0d-47ba-baa9-9909b8cfff16
DateTime 11/27/2012 23:34:01, requested presence for channel=hello_world-pnpres
DateTime 11/27/2012 23:34:01, Request=http://pubsub.pubnub.com/subscribe/demo/hello_world-pnpres/0/0?uuid=03a0919d-0d0d-47ba-baa9-9909b8cfff16
DateTime 11/27/2012 23:34:01, JSON for channel=hello_world-pnpres (Presence) =[[],"13540394237263424"]
DateTime 11/27/2012 23:34:01, Request=http://pubsub.pubnub.com/subscribe/demo/hello_world-pnpres/0/13540394237263424?uuid=03a0919d-0d0d-47ba-baa9-9909b8cfff16
DateTime 11/27/2012 23:34:15, requested unsubscribe for channel=hello_world
DateTime 11/27/2012 23:34:15, JSON unsubscribe response=[1, "Unsubscribed from hello_world"]
DateTime 11/27/2012 23:34:15, WebException: System.Net.WebException: Aborted.
  at System.Net.HttpWebRequest.EndGetResponse (IAsyncResult asyncResult) [0x0006c] in /private/tmp/monobuild/build/BUILD/mono-2.10.9/mcs/class/System/System.Net/HttpWebRequest.cs:831 
  at PubNub_Messaging.Pubnub+<_urlRequest>c__AnonStorey4`1[System.String].<>m__10 (IAsyncResult asynchronousResult) [0x00019] in /Volumes/Macintosh/Users/rajatkalsy/Projects/Client/ODesk/pubnub/git-master/pubnub-api/mono/mac/3.3.0.1/PubNub-Messaging/PubNub-Console/Pubnub.cs:1365  for URL: http://pubsub.pubnub.com/subscribe/demo/hello_world/0/13540394320878320?uuid=03a0919d-0d0d-47ba-baa9-9909b8cfff16
DateTime 11/27/2012 23:34:15, Request=http://pubsub.pubnub.com/v2/presence/sub_key/demo/channel/hello_world/leave?uuid=03a0919d-0d0d-47ba-baa9-9909b8cfff16
DateTime 11/27/2012 23:34:15, Due to Unsubscribe, further re-subscription was stopped for channel hello_world
DateTime 11/27/2012 23:34:16, JSON for channel=hello_world (Leave) ={"action": "leave"}
DateTime 11/27/2012 23:34:16, JSON for channel=hello_world-pnpres (Presence) =[[{"action": "leave", "timestamp": 1354068256, "uuid": "03a0919d-0d0d-47ba-baa9-9909b8cfff16", "occupancy": 0}],"13540394563480192"]
DateTime 11/27/2012 23:34:16, Request=http://pubsub.pubnub.com/subscribe/demo/hello_world-pnpres/0/13540394563480192?uuid=03a0919d-0d0d-47ba-baa9-9909b8cfff16
DateTime 11/27/2012 23:34:33, Request=http://pubsub.pubnub.com/v2/history/sub-key/demo/channel/hello_world?count=100
DateTime 11/27/2012 23:34:35, JSON for channel=hello_world (DetailedHistory) =[[{"text":"4"},{"text":"4"},{"text":"5"},{"text":"hvwS7npm49cmHjcj1oqjhg=="},{"text":"5"},{"text":"6"},{"text":"8X+2fgHLpLDct7VtN553wQ=="},{"text":"6"},{"text":"rdVPVQetTvmJgqApEFbx5w=="},{"text":"7"},{"text":"7"},{"text":"EfEq4dtT8UQns+4voDdL2Q=="},{"text":"8"},{"text":"8"},{"text":"wriLKuEJ+7/oB5LsWyDFOA=="},{"text":"9"},{"text":"9"},{"text":"7aWiQW0eEBXt/NuvuZDA1w=="},{"text":"qyQ/P6aj1moj39SvGJoStg=="},{"text":"nW2cCfUrjZmbCNlO3lTUKw=="},{"text":"hvwS7npm49cmHjcj1oqjhg=="},{"text":"hvwS7npm49cmHjcj1oqjhg=="},{"text":"zBfKqhd/JrYDFCMNiP49mA=="},{"text":"8X+2fgHLpLDct7VtN553wQ=="},{"text":"8X+2fgHLpLDct7VtN553wQ=="},{"text":"zcsgVZshmhhdO7PdqzCQmg=="},{"text":"rdVPVQetTvmJgqApEFbx5w=="},{"text":"rdVPVQetTvmJgqApEFbx5w=="},{"text":"EfEq4dtT8UQns+4voDdL2Q=="},{"text":"EfEq4dtT8UQns+4voDdL2Q=="},{"text":"Hello World!"},{"text":"wriLKuEJ+7/oB5LsWyDFOA=="},{"text":"wriLKuEJ+7/oB5LsWyDFOA=="},{"text":"4v6JmcTcW4wW/DCKDV39uw=="},{"text":"7aWiQW0eEBXt/NuvuZDA1w=="},{"text":"7aWiQW0eEBXt/NuvuZDA1w=="},{"text":"qyQ/P6aj1moj39SvGJoStg=="},{"text":"hvwS7npm49cmHjcj1oqjhg=="},{"text":"qyQ/P6aj1moj39SvGJoStg=="},{"text":"nW2cCfUrjZmbCNlO3lTUKw=="},{"text":"8X+2fgHLpLDct7VtN553wQ=="},{"text":"nW2cCfUrjZmbCNlO3lTUKw=="},{"text":"rdVPVQetTvmJgqApEFbx5w=="},{"text":"zBfKqhd/JrYDFCMNiP49mA=="},{"text":"zBfKqhd/JrYDFCMNiP49mA=="},{"text":"zcsgVZshmhhdO7PdqzCQmg=="},{"text":"zcsgVZshmhhdO7PdqzCQmg=="},{"text":"EfEq4dtT8UQns+4voDdL2Q=="},{"text":"wriLKuEJ+7/oB5LsWyDFOA=="},{"text":"7aWiQW0eEBXt/NuvuZDA1w=="},{"text":"Hello World!"},{"text":"Hello World!"},{"text":"qyQ/P6aj1moj39SvGJoStg=="},{"text":"4v6JmcTcW4wW/DCKDV39uw=="},{"text":"4v6JmcTcW4wW/DCKDV39uw=="},{"text":"nW2cCfUrjZmbCNlO3lTUKw=="},{"text":"zBfKqhd/JrYDFCMNiP49mA=="},{"text":"hvwS7npm49cmHjcj1oqjhg=="},{"text":"zcsgVZshmhhdO7PdqzCQmg=="},{"text":"hvwS7npm49cmHjcj1oqjhg=="},{"text":"8X+2fgHLpLDct7VtN553wQ=="},{"text":"8X+2fgHLpLDct7VtN553wQ=="},{"text":"rdVPVQetTvmJgqApEFbx5w=="},{"text":"rdVPVQetTvmJgqApEFbx5w=="},{"text":"EfEq4dtT8UQns+4voDdL2Q=="},{"text":"EfEq4dtT8UQns+4voDdL2Q=="},{"text":"wriLKuEJ+7/oB5LsWyDFOA=="},{"text":"wriLKuEJ+7/oB5LsWyDFOA=="},{"text":"7aWiQW0eEBXt/NuvuZDA1w=="},{"text":"7aWiQW0eEBXt/NuvuZDA1w=="},{"text":"qyQ/P6aj1moj39SvGJoStg=="},{"text":"qyQ/P6aj1moj39SvGJoStg=="},{"text":"nW2cCfUrjZmbCNlO3lTUKw=="},{"text":"nW2cCfUrjZmbCNlO3lTUKw=="},{"text":"zBfKqhd/JrYDFCMNiP49mA=="},{"text":"zBfKqhd/JrYDFCMNiP49mA=="},{"text":"zcsgVZshmhhdO7PdqzCQmg=="},{"text":"zcsgVZshmhhdO7PdqzCQmg=="},"Hello World",{"Editer":"X-code->ÇÈ°∂@#$%^&*()!","Language":"Objective-c"},["seven","eight",{"food":"Cheeseburger","drink":"Coffee"}],{"Editer":"X-code->ÇÈ°∂@#$%^&*()!","Language":"Objective-c"},"Hello World",{"sender":"db9e5ed8-2960-406c-a4c5-2f030f4aa175","text":"ffff"},{"sender":"db9e5ed8-2960-406c-a4c5-2f030f4aa175","text":"fgf"},{"sender":"db9e5ed8-2960-406c-a4c5-2f030f4aa175","text":"sdfdsfd"},["seven","eight",{"food":"Cheeseburger","drink":"Coffee"}],"Hello World","Hello from PHP!","\u6f22\u8a9e",{"this stuff":{"can get":"complicated!"}},{"sender":"643f4b93-f0c8-4ad5-8f92-0013ac530c93","text":"fgh"},["seven","eight",{"food":"Cheeseburger","drink":"Coffee"}],"Hello World",{"Editer":"X-code->ÇÈ°∂@#$%^&*()!","Language":"Objective-c"},"hello everyone","test","Hello World","hello","hello"],13539811650284634,13540394320878320]
DateTime 11/27/2012 23:34:42, Request=http://pubsub.pubnub.com/v2/presence/sub_key/demo/channel/hello_world
DateTime 11/27/2012 23:34:42, JSON for channel=hello_world (Here_Now) ={"uuids": [], "occupancy": 0}
DateTime 11/27/2012 23:34:49, requested unsubscribe for channel=hello_world
DateTime 11/27/2012 23:34:49, JSON unsubscribe response=[0, "Channel Not Subscribed"]
DateTime 11/27/2012 23:34:52, requested presence-unsubscribe for channel=hello_world-pnpres
DateTime 11/27/2012 23:34:52, JSON presence-unsubscribe response=[1, "Presence-Unsubscribed from hello_world"]
DateTime 11/27/2012 23:34:52, WebException: System.Net.WebException: Aborted.
  at System.Net.HttpWebRequest.EndGetResponse (IAsyncResult asyncResult) [0x0006c] in /private/tmp/monobuild/build/BUILD/mono-2.10.9/mcs/class/System/System.Net/HttpWebRequest.cs:831 
  at PubNub_Messaging.Pubnub+<_urlRequest>c__AnonStorey4`1[System.String].<>m__10 (IAsyncResult asynchronousResult) [0x00019] in /Volumes/Macintosh/Users/rajatkalsy/Projects/Client/ODesk/pubnub/git-master/pubnub-api/mono/mac/3.3.0.1/PubNub-Messaging/PubNub-Console/Pubnub.cs:1365  for URL: http://pubsub.pubnub.com/subscribe/demo/hello_world-pnpres/0/13540394563480192?uuid=03a0919d-0d0d-47ba-baa9-9909b8cfff16
DateTime 11/27/2012 23:34:52, Due to Presence-unsubscribe, further presence was stopped for channel hello_world-pnpres
DateTime 11/27/2012 23:34:55, Request=http://pubsub.pubnub.com/time/0
DateTime 11/27/2012 23:34:56, JSON for channel= (Time) =[13540394962629914]
