2012-12-13 23:13:05.320 PubnubMessaging[4352:21e03] DateTime 12/13/2012 11:13:05 PM, requested subscribe for channel=hello_world
2012-12-13 23:13:05.450 PubnubMessaging[4352:21e03] DateTime 12/13/2012 11:13:05 PM, Request=http://pubsub.pubnub.com/subscribe/demo/hello_world/0/0?uuid=faf27fd6-f667-4558-9881-01fa3a1baf0f
2012-12-13 23:13:07.076 PubnubMessaging[4352:27d03] DateTime 12/13/2012 11:13:07 PM, JSON for channel=hello_world (Subscribe) =[[],"13554202631288936"]
2012-12-13 23:13:07.251 PubnubMessaging[4352:27d03] DateTime 12/13/2012 11:13:07 PM, Request=http://pubsub.pubnub.com/subscribe/demo/hello_world/0/13554202631288936?uuid=faf27fd6-f667-4558-9881-01fa3a1baf0f
2012-12-13 23:13:25.978 PubnubMessaging[4352:21e03] DateTime 12/13/2012 11:13:25 PM, Request=http://pubsub.pubnub.com/publish/demo/demo/0/hello_world/0/"hello everyone"
2012-12-13 23:13:27.631 PubnubMessaging[4352:27a0f] DateTime 12/13/2012 11:13:27 PM, JSON for channel=hello_world (Publish) =[1,"Sent","13554206073030651"]
2012-12-13 23:13:27.892 PubnubMessaging[4352:28b03] DateTime 12/13/2012 11:13:27 PM, JSON for channel=hello_world (Subscribe) =[["hello everyone"],"13554206073030652"]
2012-12-13 23:13:27.895 PubnubMessaging[4352:28b03] DateTime 12/13/2012 11:13:27 PM, Request=http://pubsub.pubnub.com/subscribe/demo/hello_world/0/13554206073030652?uuid=faf27fd6-f667-4558-9881-01fa3a1baf0f
2012-12-13 23:13:33.316 PubnubMessaging[4352:21e03] DateTime 12/13/2012 11:13:33 PM, requested presence for channel=hello_world-pnpres
2012-12-13 23:13:33.318 PubnubMessaging[4352:21e03] DateTime 12/13/2012 11:13:33 PM, Request=http://pubsub.pubnub.com/subscribe/demo/hello_world-pnpres/0/0?uuid=faf27fd6-f667-4558-9881-01fa3a1baf0f
2012-12-13 23:13:33.789 PubnubMessaging[4352:2730b] DateTime 12/13/2012 11:13:33 PM, JSON for channel=hello_world-pnpres (Presence) =[[],"13554205873208840"]
2012-12-13 23:13:33.790 PubnubMessaging[4352:2730b] DateTime 12/13/2012 11:13:33 PM, Request=http://pubsub.pubnub.com/subscribe/demo/hello_world-pnpres/0/13554205873208840?uuid=faf27fd6-f667-4558-9881-01fa3a1baf0f
2012-12-13 23:13:43.377 PubnubMessaging[4352:21e03] DateTime 12/13/2012 11:13:43 PM, requested unsubscribe for channel=hello_world
2012-12-13 23:13:43.404 PubnubMessaging[4352:21e03] DateTime 12/13/2012 11:13:43 PM, JSON unsubscribe response=[1, "Unsubscribed from hello_world"]
2012-12-13 23:13:43.413 PubnubMessaging[4352:21e03] DateTime 12/13/2012 11:13:43 PM, Request=http://pubsub.pubnub.com/v2/presence/sub_key/demo/channel/hello_world/leave?uuid=faf27fd6-f667-4558-9881-01fa3a1baf0f
2012-12-13 23:13:43.418 PubnubMessaging[4352:28b03] DateTime 12/13/2012 11:13:43 PM, WebException: System.Net.WebException: Aborted.
  at System.Net.HttpWebRequest.EndGetResponse (IAsyncResult asyncResult) [0x0006c] in /Developer/MonoTouch/Source/mono/mcs/class/System/System.Net/HttpWebRequest.cs:855 
  at PubNub_Messaging.Pubnub+<_urlRequest>c__AnonStorey4`1[System.String].<>m__B (IAsyncResult asynchronousResult) [0x00019] in /Volumes/Macintosh/Users/rajatkalsy/Projects/Client/ODesk/pubnub/MonoTouch/Pubnub-Messaging/Pubnub-Messaging/Pubnub.cs:1177  for URL: http://pubsub.pubnub.com/subscribe/demo/hello_world/0/13554206073030652?uuid=faf27fd6-f667-4558-9881-01fa3a1baf0f
2012-12-13 23:13:43.421 PubnubMessaging[4352:28b03] DateTime 12/13/2012 11:13:43 PM, Due to Unsubscribe, further re-subscription was stopped for channel hello_world
2012-12-13 23:13:44.219 PubnubMessaging[4352:2880b] DateTime 12/13/2012 11:13:44 PM, JSON for channel=hello_world (Leave) ={"action": "leave"}
2012-12-13 23:13:44.282 PubnubMessaging[4352:28b03] DateTime 12/13/2012 11:13:44 PM, JSON for channel=hello_world-pnpres (Presence) =[[{"action": "leave", "timestamp": 1355449424, "uuid": "faf27fd6-f667-4558-9881-01fa3a1baf0f", "occupancy": 6}],"13554206241231704"]
2012-12-13 23:13:44.295 PubnubMessaging[4352:28b03] DateTime 12/13/2012 11:13:44 PM, Request=http://pubsub.pubnub.com/subscribe/demo/hello_world-pnpres/0/13554206241231704?uuid=faf27fd6-f667-4558-9881-01fa3a1baf0f
2012-12-13 23:13:49.246 PubnubMessaging[4352:21e03] DateTime 12/13/2012 11:13:49 PM, Request=http://pubsub.pubnub.com/v2/history/sub-key/demo/channel/hello_world?count=100
2012-12-13 23:13:52.541 PubnubMessaging[4352:2880b] DateTime 12/13/2012 11:13:52 PM, JSON for channel=hello_world (DetailedHistory) =[["My name is pubnub",{"message":"hey"},{"text":"dnPIDaP+pi3EC8MNSmwDug=="},"UzIyeVhanI+QnyaNqVob2A==",["O7ezqY4tAuujmdi4SXwfIw==","gJt5duzlnd5oQ3nsi34v0Q==","IAYcPBmJ99ofYQawZmMYeg==","KMNnn83xr/EVgen2Htm6CQ==","Lql6Zny3OWcjyRThtn5zhQ==","QGb2iGvvTRHsFDwCE9FzrQ==","4XROaACv6c870NHve7MgPQ=="],{"message":"hi from derek\n","clientId":"e6b2d519-ab17-499a-aacc-f8706fe88128"},{"message":"hey"},{"message":"huh?","clientId":"e6b2d519-ab17-499a-aacc-f8706fe88128"},{"message":"what?","clientId":"e6b2d519-ab17-499a-aacc-f8706fe88128"},{"message":"hey hey hey"},"Hello World",{"message":"wassssssup?"},{"message":"very cool","clientId":"b3ae4f91-3ad4-4c4e-8cc0-426af5443a53"},{"message":"foo","clientId":"b904e69e-5778-44d3-8f68-719d3adad624"},"Hi from PubNub.","My name is pubnub","f42pIQcWZ9zbTbH8cyLwByD\/GsviOE0vcREIEVPARR0=","f42pIQcWZ9zbTbH8cyLwB\/tdvRxjFLOYcBNMVKeHS54=","+BY5\/miAA8aeuhVl4d13Kg==","zMqH\/RTPlC8yrAZ2UhpEgLKUVzkMI2cikiaVg30AyUu7B6J0FLqCazRzDOmrsFsF","Ns4TB41JjT2NCXaGLWSPAQ==","f42pIQcWZ9zbTbH8cyLwByD/GsviOE0vcREIEVPARR0=","CcwsgtxZkxFBTdwDtkvOlA==","f42pIQcWZ9zbTbH8cyLwByD/GsviOE0vcREIEVPARR0=","f42pIQcWZ9zbTbH8cyLwByD/GsviOE0vcREIEVPARR0=","ihhaDoZQ+e5dVkky7unVmQ==",{"text":"hey"},{"text":"hey"},{"text":"hey"},"f42pIQcWZ9zbTbH8cyLwByD/GsviOE0vcREIEVPARR0=",{"text":"hey"},"RAnq1HVXFrLoaA77xzRqzJlFCGH6ydguYDaNpSWMxpvkrcUZGonckhMC2s8JDVwr","f42pIQcWZ9zbTbH8cyLwByD/GsviOE0vcREIEVPARR0=","f42pIQcWZ9zbTbH8cyLwByD/GsviOE0vcREIEVPARR0=","f42pIQcWZ9zbTbH8cyLwByD/GsviOE0vcREIEVPARR0=","f42pIQcWZ9zbTbH8cyLwByD/GsviOE0vcREIEVPARR0=","f42pIQcWZ9zbTbH8cyLwByD/GsviOE0vcREIEVPARR0=","f42pIQcWZ9zbTbH8cyLwByD/GsviOE0vcREIEVPARR0=","f42pIQcWZ9zbTbH8cyLwByD/GsviOE0vcREIEVPARR0=","f42pIQcWZ9zbTbH8cyLwByD/GsviOE0vcREIEVPARR0=","f42pIQcWZ9zbTbH8cyLwByD/GsviOE0vcREIEVPARR0=","f42pIQcWZ9zbTbH8cyLwByD/GsviOE0vcREIEVPARR0=","f42pIQcWZ9zbTbH8cyLwByD/GsviOE0vcREIEVPARR0=","f42pIQcWZ9zbTbH8cyLwByD/GsviOE0vcREIEVPARR0=","f42pIQcWZ9zbTbH8cyLwByD/GsviOE0vcREIEVPARR0=","f42pIQcWZ9zbTbH8cyLwByD/GsviOE0vcREIEVPARR0=","f42pIQcWZ9zbTbH8cyLwByD/GsviOE0vcREIEVPARR0=","f42pIQcWZ9zbTbH8cyLwByD/GsviOE0vcREIEVPARR0=","f42pIQcWZ9zbTbH8cyLwByD/GsviOE0vcREIEVPARR0=","f42pIQcWZ9zbTbH8cyLwByD/GsviOE0vcREIEVPARR0=","f42pIQcWZ9zbTbH8cyLwByD/GsviOE0vcREIEVPARR0=","f42pIQcWZ9zbTbH8cyLwByD/GsviOE0vcREIEVPARR0=","f42pIQcWZ9zbTbH8cyLwByD/GsviOE0vcREIEVPARR0=","f42pIQcWZ9zbTbH8cyLwByD/GsviOE0vcREIEVPARR0=","f42pIQcWZ9zbTbH8cyLwByD/GsviOE0vcREIEVPARR0=","f42pIQcWZ9zbTbH8cyLwByD/GsviOE0vcREIEVPARR0=","f42pIQcWZ9zbTbH8cyLwByD/GsviOE0vcREIEVPARR0=","f42pIQcWZ9zbTbH8cyLwByD/GsviOE0vcREIEVPARR0=","f42pIQcWZ9zbTbH8cyLwByD/GsviOE0vcREIEVPARR0=","f42pIQcWZ9zbTbH8cyLwByD/GsviOE0vcREIEVPARR0=","f42pIQcWZ9zbTbH8cyLwByD/GsviOE0vcREIEVPARR0=","f42pIQcWZ9zbTbH8cyLwByD/GsviOE0vcREIEVPARR0=","f42pIQcWZ9zbTbH8cyLwByD/GsviOE0vcREIEVPARR0=","f42pIQcWZ9zbTbH8cyLwByD/GsviOE0vcREIEVPARR0=","f42pIQcWZ9zbTbH8cyLwByD/GsviOE0vcREIEVPARR0=","f42pIQcWZ9zbTbH8cyLwByD/GsviOE0vcREIEVPARR0=","CcwsgtxZkxFBTdwDtkvOlA==","CcwsgtxZkxFBTdwDtkvOlA==","CcwsgtxZkxFBTdwDtkvOlA==","CcwsgtxZkxFBTdwDtkvOlA==","CcwsgtxZkxFBTdwDtkvOlA==","f42pIQcWZ9zbTbH8cyLwByD/GsviOE0vcREIEVPARR0=","f42pIQcWZ9zbTbH8cyLwByD/GsviOE0vcREIEVPARR0=","f42pIQcWZ9zbTbH8cyLwByD/GsviOE0vcREIEVPARR0=","f42pIQcWZ9zbTbH8cyLwByD/GsviOE0vcREIEVPARR0=","f42pIQcWZ9zbTbH8cyLwByD/GsviOE0vcREIEVPARR0=","f42pIQcWZ9zbTbH8cyLwByD/GsviOE0vcREIEVPARR0=","f42pIQcWZ9zbTbH8cyLwByD/GsviOE0vcREIEVPARR0=",{"Message":"Test"},{"some_val":"Hello World! --> ɂ顶@#$%^&*()!"},"Hello World",["Sunday","Monday","Tuesday","Wednesday","Thursday","Friday","Saturday"],{"some_val":"Hello World! --> ɂ顶@#$%^&*()!"},"Hello World",["Sunday","Monday","Tuesday","Wednesday","Thursday","Friday","Saturday"],{"Message":"Test"},{"some_val":"Hello World! --> ɂ顶@#$%^&*()!"},"Hello World",["Sunday","Monday","Tuesday","Wednesday","Thursday","Friday","Saturday"],{"some_val":"Hello World! --> ɂ顶@#$%^&*()!"},"Hello World",["Sunday","Monday","Tuesday","Wednesday","Thursday","Friday","Saturday"],{"Message":"Test"},{"Message":"Test"},{"Message":"Test , Rt,TT, "},{"some_key":"j2me says hello, world!"},{"text":"hey"},{"text":"hey"},"hello everyone","hello everyone"],13553598440862391,13554206073030651]
2012-12-13 23:13:56.436 PubnubMessaging[4352:21e03] DateTime 12/13/2012 11:13:56 PM, Request=http://pubsub.pubnub.com/v2/presence/sub_key/demo/channel/hello_world
2012-12-13 23:13:57.027 PubnubMessaging[4352:2880b] DateTime 12/13/2012 11:13:57 PM, JSON for channel=hello_world (Here_Now) ={"uuids":["A8078B6E-9136-436E-89F9-6555A5DB5AD9","66A06C5D-7BA3-448B-B554-97AF1A3FB2EC","B4370A4E-0910-4051-8722-CCD8FE38B060","2d459a1b-1e60-417f-bdf6-337489a516df","608132c7-163c-48e1-bcf6-6826d5bbb330","8B116DBB-6426-47F1-A54C-6482F67DECEE"],"occupancy":6}
2012-12-13 23:14:04.373 PubnubMessaging[4352:21e03] DateTime 12/13/2012 11:14:04 PM, Request=http://pubsub.pubnub.com/time/0
2012-12-13 23:14:04.652 PubnubMessaging[4352:27a0f] DateTime 12/13/2012 11:14:04 PM, JSON for channel= (Time) =[13554206444855446]
2012-12-13 23:14:11.897 PubnubMessaging[4352:21e03] DateTime 12/13/2012 11:14:11 PM, requested unsubscribe for channel=hello_world
2012-12-13 23:14:11.907 PubnubMessaging[4352:21e03] DateTime 12/13/2012 11:14:11 PM, JSON unsubscribe response=[0, "Channel Not Subscribed"]
2012-12-13 23:14:17.828 PubnubMessaging[4352:21e03] DateTime 12/13/2012 11:14:17 PM, requested presence-unsubscribe for channel=hello_world-pnpres
2012-12-13 23:14:17.830 PubnubMessaging[4352:21e03] DateTime 12/13/2012 11:14:17 PM, JSON presence-unsubscribe response=[1, "Presence-Unsubscribed from hello_world"]
2012-12-13 23:14:17.848 PubnubMessaging[4352:28b03] DateTime 12/13/2012 11:14:17 PM, WebException: System.Net.WebException: Aborted.
  at System.Net.HttpWebRequest.EndGetResponse (IAsyncResult asyncResult) [0x0006c] in /Developer/MonoTouch/Source/mono/mcs/class/System/System.Net/HttpWebRequest.cs:855 
  at PubNub_Messaging.Pubnub+<_urlRequest>c__AnonStorey4`1[System.String].<>m__B (IAsyncResult asynchronousResult) [0x00019] in /Volumes/Macintosh/Users/rajatkalsy/Projects/Client/ODesk/pubnub/MonoTouch/Pubnub-Messaging/Pubnub-Messaging/Pubnub.cs:1177  for URL: http://pubsub.pubnub.com/subscribe/demo/hello_world-pnpres/0/13554206241231704?uuid=faf27fd6-f667-4558-9881-01fa3a1baf0f
2012-12-13 23:14:17.852 PubnubMessaging[4352:28b03] DateTime 12/13/2012 11:14:17 PM, Due to Presence-unsubscribe, further presence was stopped for channel hello_world-pnpres
Terminating in response to SpringBoard's termination.
